0 info it worked if it ends with ok
1 verbose cli [ 'C:\\Program Files\\nodejs\\node.exe',
1 verbose cli   'C:\\Program Files\\nodejs\\node_modules\\npm\\bin\\npm-cli.js',
1 verbose cli   'start' ]
2 info using npm@3.10.10
3 info using node@v6.11.4
4 verbose run-script [ 'prestart', 'start', 'poststart' ]
5 info lifecycle irsform@1.0.0~prestart: irsform@1.0.0
6 verbose lifecycle irsform@1.0.0~prestart: unsafe-perm in lifecycle true
7 verbose lifecycle irsform@1.0.0~prestart: PATH: C:\Program Files\nodejs\node_modules\npm\bin\node-gyp-bin;C:\Users\Jupiter\Desktop\IRSForm\node_modules\.bin;C:\Users\Jupiter\AppData\Roaming\npm;C:\Program Files\nodejs\;C:\ProgramData\Oracle\Java\javapath;C:\Program Files (x86)\Razer Chroma SDK\bin;C:\Program Files\Razer Chroma SDK\bin;C:\WINDOWS\system32;C:\WINDOWS;C:\WINDOWS\System32\Wbem;C:\WINDOWS\System32\WindowsPowerShell\v1.0\;C:\WINDOWS\system32\config\systemprofile\AppData\Local\Microsoft\WindowsApps;C:\Program Files (x86)\Windows Live\Shared;C:\Python27;C:\WINDOWS\system32;C:\WINDOWS;C:\WINDOWS\System32\Wbem;C:\WINDOWS\System32\WindowsPowerShell\v1.0\;C:\Program Files\nodejs\;C:\Users\Jupiter\AppData\Local\Microsoft\WindowsApps;C:\Users\Jupiter\AppData\Roaming\npm
8 verbose lifecycle irsform@1.0.0~prestart: CWD: C:\Users\Jupiter\Desktop\IRSForm
9 silly lifecycle irsform@1.0.0~prestart: Args: [ '/d /s /c', 'npm run build' ]
10 silly lifecycle irsform@1.0.0~prestart: Returned: code: 0  signal: null
11 info lifecycle irsform@1.0.0~start: irsform@1.0.0
12 verbose lifecycle irsform@1.0.0~start: unsafe-perm in lifecycle true
13 verbose lifecycle irsform@1.0.0~start: PATH: C:\Program Files\nodejs\node_modules\npm\bin\node-gyp-bin;C:\Users\Jupiter\Desktop\IRSForm\node_modules\.bin;C:\Users\Jupiter\AppData\Roaming\npm;C:\Program Files\nodejs\;C:\ProgramData\Oracle\Java\javapath;C:\Program Files (x86)\Razer Chroma SDK\bin;C:\Program Files\Razer Chroma SDK\bin;C:\WINDOWS\system32;C:\WINDOWS;C:\WINDOWS\System32\Wbem;C:\WINDOWS\System32\WindowsPowerShell\v1.0\;C:\WINDOWS\system32\config\systemprofile\AppData\Local\Microsoft\WindowsApps;C:\Program Files (x86)\Windows Live\Shared;C:\Python27;C:\WINDOWS\system32;C:\WINDOWS;C:\WINDOWS\System32\Wbem;C:\WINDOWS\System32\WindowsPowerShell\v1.0\;C:\Program Files\nodejs\;C:\Users\Jupiter\AppData\Local\Microsoft\WindowsApps;C:\Users\Jupiter\AppData\Roaming\npm
14 verbose lifecycle irsform@1.0.0~start: CWD: C:\Users\Jupiter\Desktop\IRSForm
15 silly lifecycle irsform@1.0.0~start: Args: [ '/d /s /c',
15 silly lifecycle   'webpack-dev-server --inline --progress --port 8080' ]
16 verbose stack Error: kill ENOSYS
16 verbose stack     at Object.exports._errnoException (util.js:1020:11)
16 verbose stack     at process.kill (internal/process.js:191:18)
16 verbose stack     at process.listener (C:\Program Files\nodejs\node_modules\npm\node_modules\npmlog\node_modules\gauge\node_modules\signal-exit\index.js:86:15)
16 verbose stack     at emitNone (events.js:91:20)
16 verbose stack     at process.emit (events.js:185:7)
16 verbose stack     at processEmit (C:\Program Files\nodejs\node_modules\npm\node_modules\npmlog\node_modules\gauge\node_modules\signal-exit\index.js:146:32)
16 verbose stack     at processEmit (C:\Program Files\nodejs\node_modules\npm\node_modules\npm-registry-client\node_modules\npmlog\node_modules\gauge\node_modules\signal-exit\index.js:146:32)
16 verbose stack     at Signal.wrap.onsignal (internal/process.js:217:44)
17 verbose cwd C:\Users\Jupiter\Desktop\IRSForm
18 error Windows_NT 10.0.15063
19 error argv "C:\\Program Files\\nodejs\\node.exe" "C:\\Program Files\\nodejs\\node_modules\\npm\\bin\\npm-cli.js" "start"
20 error node v6.11.4
21 error npm  v3.10.10
22 error code ENOSYS
23 error errno ENOSYS
24 error syscall kill
25 error kill ENOSYS
26 error If you need help, you may report this error at:
26 error     <https://github.com/npm/npm/issues>
27 verbose exit [ 1, true ]
